<?xml version="1.0" encoding="UTF-8" ?>
<testsuite tests="1" failures="0" name="com.hmofa.core.resources.AppTest" time="0.001" errors="0" skipped="0">
  <properties>
    <property name="java.runtime.name" value="Java(TM) SE Runtime Environment"/>
    <property name="sun.boot.library.path" value="E:\uepstudio\jdk\jdk1.8.0_121_x64\jre\bin"/>
    <property name="java.vm.version" value="25.121-b13"/>
    <property name="java.vm.vendor" value="Oracle Corporation"/>
    <property name="maven.multiModuleProjectDirectory" value="E:\unistudio\tees\hmofa"/>
    <property name="java.vendor.url" value="http://java.oracle.com/"/>
    <property name="path.separator" value=";"/>
    <property name="guice.disable.misplaced.annotation.check" value="true"/>
    <property name="java.vm.name" value="Java HotSpot(TM) 64-Bit Server VM"/>
    <property name="file.encoding.pkg" value="sun.io"/>
    <property name="user.script" value=""/>
    <property name="user.country" value="CN"/>
    <property name="sun.java.launcher" value="SUN_STANDARD"/>
    <property name="sun.os.patch.level" value=""/>
    <property name="java.vm.specification.name" value="Java Virtual Machine Specification"/>
    <property name="user.dir" value="E:\unistudio\tees\hmofa"/>
    <property name="java.runtime.version" value="1.8.0_121-b13"/>
    <property name="java.awt.graphicsenv" value="sun.awt.Win32GraphicsEnvironment"/>
    <property name="java.endorsed.dirs" value="E:\uepstudio\jdk\jdk1.8.0_121_x64\jre\lib\endorsed"/>
    <property name="os.arch" value="amd64"/>
    <property name="java.io.tmpdir" value="C:\Users\ADMINI~1\AppData\Local\Temp\"/>
    <property name="line.separator" value="
"/>
    <property name="java.vm.specification.vendor" value="Oracle Corporation"/>
    <property name="user.variant" value=""/>
    <property name="os.name" value="Windows 8.1"/>
    <property name="classworlds.conf" value="E:\hmfstudio\workspace\.metadata\.plugins\org.eclipse.m2e.launching\launches\m2conf62629866722227793.tmp"/>
    <property name="sun.jnu.encoding" value="GBK"/>
    <property name="java.library.path" value="E:\uepstudio\jdk\jdk1.8.0_121_x64\bin;C:\Windows\Sun\Java\bin;C:\Windows\system32;C:\Windows;E:/uepstudio/jdk/jdk1.8.0_121_x64/BIN/../jre/bin/server;E:/uepstudio/jdk/jdk1.8.0_121_x64/BIN/../jre/bin;E:/uepstudio/jdk/jdk1.8.0_121_x64/BIN/../jre/lib/amd64;E:\hmfstudio\sdk\apache-maven-3.5.2\bin;E:\hmfstudio\sdk\scala\scala2.10.5\bin;D:\DSJSpark\apache-flume-1.7.0-bin\bin;E:\uepstudio\jdk\jdk1.8.0_121_x64\BIN;D:\oracle\product\10.2.0\db_1\bin;C:\Program Files (x86)\Common Files\NetSarang;C:\Windows\system32;C:\Windows;C:\Windows\System32\Wbem;C:\Windows\System32\WindowsPowerShell\v1.0\;C:\Program Files\TortoiseSVN\bin;C:\Program Files (x86)\IDM Computer Solutions\UltraEdit\;C:\Program Files\Microsoft VS Code Insiders\bin;E:\hmfstudio\eclipse1;;."/>
    <property name="java.specification.name" value="Java Platform API Specification"/>
    <property name="java.class.version" value="52.0"/>
    <property name="sun.management.compiler" value="HotSpot 64-Bit Tiered Compilers"/>
    <property name="os.version" value="6.3"/>
    <property name="user.home" value="C:\Users\administratore"/>
    <property name="user.timezone" value="Asia/Shanghai"/>
    <property name="java.awt.printerjob" value="sun.awt.windows.WPrinterJob"/>
    <property name="java.specification.version" value="1.8"/>
    <property name="file.encoding" value="UTF-8"/>
    <property name="user.name" value="administratore"/>
    <property name="java.class.path" value="E:\hmfstudio\eclipse1\plugins\org.eclipse.m2e.maven.runtime_1.9.0.20180131-0103\jars\plexus-classworlds-2.5.2.jar"/>
    <property name="java.vm.specification.version" value="1.8"/>
    <property name="sun.arch.data.model" value="64"/>
    <property name="java.home" value="E:\uepstudio\jdk\jdk1.8.0_121_x64\jre"/>
    <property name="sun.java.command" value="org.codehaus.plexus.classworlds.launcher.Launcher -B -s E:\hmfstudio\sdk\apache-maven-3.5.2\conf\settings.xml install"/>
    <property name="java.specification.vendor" value="Oracle Corporation"/>
    <property name="user.language" value="zh"/>
    <property name="awt.toolkit" value="sun.awt.windows.WToolkit"/>
    <property name="java.vm.info" value="mixed mode"/>
    <property name="java.version" value="1.8.0_121"/>
    <property name="java.ext.dirs" value="E:\uepstudio\jdk\jdk1.8.0_121_x64\jre\lib\ext;C:\Windows\Sun\Java\lib\ext"/>
    <property name="sun.boot.class.path" value="E:\uepstudio\jdk\jdk1.8.0_121_x64\jre\lib\resources.jar;E:\uepstudio\jdk\jdk1.8.0_121_x64\jre\lib\rt.jar;E:\uepstudio\jdk\jdk1.8.0_121_x64\jre\lib\sunrsasign.jar;E:\uepstudio\jdk\jdk1.8.0_121_x64\jre\lib\jsse.jar;E:\uepstudio\jdk\jdk1.8.0_121_x64\jre\lib\jce.jar;E:\uepstudio\jdk\jdk1.8.0_121_x64\jre\lib\charsets.jar;E:\uepstudio\jdk\jdk1.8.0_121_x64\jre\lib\jfr.jar;E:\uepstudio\jdk\jdk1.8.0_121_x64\jre\classes"/>
    <property name="java.vendor" value="Oracle Corporation"/>
    <property name="maven.home" value="E:\unistudio\tees\hmofa\EMBEDDED"/>
    <property name="file.separator" value="\"/>
    <property name="java.vendor.url.bug" value="http://bugreport.sun.com/bugreport/"/>
    <property name="sun.cpu.endian" value="little"/>
    <property name="sun.io.unicode.encoding" value="UnicodeLittle"/>
    <property name="sun.desktop" value="windows"/>
    <property name="sun.cpu.isalist" value="amd64"/>
  </properties>
  <testcase classname="com.hmofa.core.resources.AppTest" name="testApp" time="0.001"/>
</testsuite>